[0.009s] Invoking command in '/home/pankaja/Downloads/GP7_Robot.SLDASM/build/gp7_robot': CMAKE_PREFIX_PATH=${CMAKE_PREFIX_PATH}:/opt/ros/jazzy DEBUGINFOD_URLS=https://debuginfod.ubuntu.com /usr/bin/cmake /home/pankaja/Downloads/GP7_Robot.SLDASM -DCMAKE_INSTALL_PREFIX=/home/pankaja/Downloads/GP7_Robot.SLDASM/install/gp7_robot
[0.108s] -- The C compiler identification is GNU 13.3.0
[0.200s] -- The CXX compiler identification is GNU 13.3.0
[0.218s] -- Detecting C compiler ABI info
[0.288s] -- Detecting C compiler ABI info - done
[0.295s] -- Check for working C compiler: /usr/bin/cc - skipped
[0.295s] -- Detecting C compile features
[0.296s] -- Detecting C compile features - done
[0.305s] -- Detecting CXX compiler ABI info
[0.376s] -- Detecting CXX compiler ABI info - done
[0.383s] -- Check for working CXX compiler: /usr/bin/c++ - skipped
[0.383s] -- Detecting CXX compile features
[0.383s] -- Detecting CXX compile features - done
[0.388s] -- Found ament_cmake: 2.5.4 (/opt/ros/jazzy/share/ament_cmake/cmake)
[0.483s] -- Found Python3: /usr/bin/python3 (found version "3.12.3") found components: Interpreter 
[0.560s] -- Found ament_lint_auto: 0.17.3 (/opt/ros/jazzy/share/ament_lint_auto/cmake)
[0.626s] -- Configuring done (0.6s)
[0.627s] -- Generating done (0.0s)
[0.628s] -- Build files have been written to: /home/pankaja/Downloads/GP7_Robot.SLDASM/build/gp7_robot
[0.631s] Invoked command in '/home/pankaja/Downloads/GP7_Robot.SLDASM/build/gp7_robot' returned '0': CMAKE_PREFIX_PATH=${CMAKE_PREFIX_PATH}:/opt/ros/jazzy DEBUGINFOD_URLS=https://debuginfod.ubuntu.com /usr/bin/cmake /home/pankaja/Downloads/GP7_Robot.SLDASM -DCMAKE_INSTALL_PREFIX=/home/pankaja/Downloads/GP7_Robot.SLDASM/install/gp7_robot
[0.632s] Invoking command in '/home/pankaja/Downloads/GP7_Robot.SLDASM/build/gp7_robot': CMAKE_PREFIX_PATH=${CMAKE_PREFIX_PATH}:/opt/ros/jazzy DEBUGINFOD_URLS=https://debuginfod.ubuntu.com /usr/bin/cmake --build /home/pankaja/Downloads/GP7_Robot.SLDASM/build/gp7_robot -- -j20 -l20
[0.660s] Invoked command in '/home/pankaja/Downloads/GP7_Robot.SLDASM/build/gp7_robot' returned '0': CMAKE_PREFIX_PATH=${CMAKE_PREFIX_PATH}:/opt/ros/jazzy DEBUGINFOD_URLS=https://debuginfod.ubuntu.com /usr/bin/cmake --build /home/pankaja/Downloads/GP7_Robot.SLDASM/build/gp7_robot -- -j20 -l20
[0.666s] Invoking command in '/home/pankaja/Downloads/GP7_Robot.SLDASM/build/gp7_robot': CMAKE_PREFIX_PATH=${CMAKE_PREFIX_PATH}:/opt/ros/jazzy DEBUGINFOD_URLS=https://debuginfod.ubuntu.com /usr/bin/cmake --install /home/pankaja/Downloads/GP7_Robot.SLDASM/build/gp7_robot
[0.671s] -- Install configuration: ""
[0.671s] -- Installing: /home/pankaja/Downloads/GP7_Robot.SLDASM/install/gp7_robot/share/gp7_robot/config
[0.671s] -- Installing: /home/pankaja/Downloads/GP7_Robot.SLDASM/install/gp7_robot/share/gp7_robot/config/joint_names_GP7 Robot.SLDASM.yaml
[0.671s] -- Installing: /home/pankaja/Downloads/GP7_Robot.SLDASM/install/gp7_robot/share/gp7_robot/config/urdf.rviz
[0.671s] -- Installing: /home/pankaja/Downloads/GP7_Robot.SLDASM/install/gp7_robot/share/gp7_robot/launch
[0.671s] -- Installing: /home/pankaja/Downloads/GP7_Robot.SLDASM/install/gp7_robot/share/gp7_robot/launch/gazebo.launch
[0.671s] -- Installing: /home/pankaja/Downloads/GP7_Robot.SLDASM/install/gp7_robot/share/gp7_robot/launch/gazebo.launch.py
[0.671s] -- Installing: /home/pankaja/Downloads/GP7_Robot.SLDASM/install/gp7_robot/share/gp7_robot/launch/display.launch.py
[0.671s] -- Installing: /home/pankaja/Downloads/GP7_Robot.SLDASM/install/gp7_robot/share/gp7_robot/launch/display.launch
[0.671s] -- Installing: /home/pankaja/Downloads/GP7_Robot.SLDASM/install/gp7_robot/share/gp7_robot/meshes
[0.671s] -- Installing: /home/pankaja/Downloads/GP7_Robot.SLDASM/install/gp7_robot/share/gp7_robot/meshes/link_8.STL
[0.671s] -- Installing: /home/pankaja/Downloads/GP7_Robot.SLDASM/install/gp7_robot/share/gp7_robot/meshes/link_3.STL
[0.672s] -- Installing: /home/pankaja/Downloads/GP7_Robot.SLDASM/install/gp7_robot/share/gp7_robot/meshes/link_5.STL
[0.672s] -- Installing: /home/pankaja/Downloads/GP7_Robot.SLDASM/install/gp7_robot/share/gp7_robot/meshes/link_4.STL
[0.672s] -- Installing: /home/pankaja/Downloads/GP7_Robot.SLDASM/install/gp7_robot/share/gp7_robot/meshes/link_7.STL
[0.672s] -- Installing: /home/pankaja/Downloads/GP7_Robot.SLDASM/install/gp7_robot/share/gp7_robot/meshes/link_1.STL
[0.672s] -- Installing: /home/pankaja/Downloads/GP7_Robot.SLDASM/install/gp7_robot/share/gp7_robot/meshes/link_2.STL
[0.672s] -- Installing: /home/pankaja/Downloads/GP7_Robot.SLDASM/install/gp7_robot/share/gp7_robot/meshes/link_6.STL
[0.673s] -- Installing: /home/pankaja/Downloads/GP7_Robot.SLDASM/install/gp7_robot/share/gp7_robot/meshes/base_link.STL
[0.673s] -- Installing: /home/pankaja/Downloads/GP7_Robot.SLDASM/install/gp7_robot/share/gp7_robot/urdf
[0.673s] -- Installing: /home/pankaja/Downloads/GP7_Robot.SLDASM/install/gp7_robot/share/gp7_robot/urdf/GP7 Robot.SLDASM.urdf
[0.674s] -- Installing: /home/pankaja/Downloads/GP7_Robot.SLDASM/install/gp7_robot/share/gp7_robot/urdf/GP7 Robot.SLDASM.csv
[0.674s] -- Installing: /home/pankaja/Downloads/GP7_Robot.SLDASM/install/gp7_robot/share/ament_index/resource_index/package_run_dependencies/gp7_robot
[0.674s] -- Installing: /home/pankaja/Downloads/GP7_Robot.SLDASM/install/gp7_robot/share/ament_index/resource_index/parent_prefix_path/gp7_robot
[0.674s] -- Installing: /home/pankaja/Downloads/GP7_Robot.SLDASM/install/gp7_robot/share/gp7_robot/environment/ament_prefix_path.sh
[0.674s] -- Installing: /home/pankaja/Downloads/GP7_Robot.SLDASM/install/gp7_robot/share/gp7_robot/environment/ament_prefix_path.dsv
[0.674s] -- Installing: /home/pankaja/Downloads/GP7_Robot.SLDASM/install/gp7_robot/share/gp7_robot/environment/path.sh
[0.674s] -- Installing: /home/pankaja/Downloads/GP7_Robot.SLDASM/install/gp7_robot/share/gp7_robot/environment/path.dsv
[0.674s] -- Installing: /home/pankaja/Downloads/GP7_Robot.SLDASM/install/gp7_robot/share/gp7_robot/local_setup.bash
[0.674s] -- Installing: /home/pankaja/Downloads/GP7_Robot.SLDASM/install/gp7_robot/share/gp7_robot/local_setup.sh
[0.674s] -- Installing: /home/pankaja/Downloads/GP7_Robot.SLDASM/install/gp7_robot/share/gp7_robot/local_setup.zsh
[0.674s] -- Installing: /home/pankaja/Downloads/GP7_Robot.SLDASM/install/gp7_robot/share/gp7_robot/local_setup.dsv
[0.674s] -- Installing: /home/pankaja/Downloads/GP7_Robot.SLDASM/install/gp7_robot/share/gp7_robot/package.dsv
[0.675s] -- Installing: /home/pankaja/Downloads/GP7_Robot.SLDASM/install/gp7_robot/share/ament_index/resource_index/packages/gp7_robot
[0.675s] -- Installing: /home/pankaja/Downloads/GP7_Robot.SLDASM/install/gp7_robot/share/gp7_robot/cmake/gp7_robotConfig.cmake
[0.675s] -- Installing: /home/pankaja/Downloads/GP7_Robot.SLDASM/install/gp7_robot/share/gp7_robot/cmake/gp7_robotConfig-version.cmake
[0.675s] -- Installing: /home/pankaja/Downloads/GP7_Robot.SLDASM/install/gp7_robot/share/gp7_robot/package.xml
[0.675s] Invoked command in '/home/pankaja/Downloads/GP7_Robot.SLDASM/build/gp7_robot' returned '0': CMAKE_PREFIX_PATH=${CMAKE_PREFIX_PATH}:/opt/ros/jazzy DEBUGINFOD_URLS=https://debuginfod.ubuntu.com /usr/bin/cmake --install /home/pankaja/Downloads/GP7_Robot.SLDASM/build/gp7_robot
