-- Install configuration: ""
-- Up-to-date: /home/pankaja/Downloads/GP7_Robot.SLDASM/install/gp7_robot/share/gp7_robot/config
-- Up-to-date: /home/pankaja/Downloads/GP7_Robot.SLDASM/install/gp7_robot/share/gp7_robot/config/joint_names_GP7 Robot.SLDASM.yaml
-- Up-to-date: /home/pankaja/Downloads/GP7_Robot.SLDASM/install/gp7_robot/share/gp7_robot/config/urdf.rviz
-- Up-to-date: /home/pankaja/Downloads/GP7_Robot.SLDASM/install/gp7_robot/share/gp7_robot/launch
-- Up-to-date: /home/pankaja/Downloads/GP7_Robot.SLDASM/install/gp7_robot/share/gp7_robot/launch/gazebo.launch
-- Up-to-date: /home/pankaja/Downloads/GP7_Robot.SLDASM/install/gp7_robot/share/gp7_robot/launch/gazebo.launch.py
-- Up-to-date: /home/pankaja/Downloads/GP7_Robot.SLDASM/install/gp7_robot/share/gp7_robot/launch/display.launch.py
-- Up-to-date: /home/pankaja/Downloads/GP7_Robot.SLDASM/install/gp7_robot/share/gp7_robot/launch/display.launch
-- Up-to-date: /home/pankaja/Downloads/GP7_Robot.SLDASM/install/gp7_robot/share/gp7_robot/meshes
-- Up-to-date: /home/pankaja/Downloads/GP7_Robot.SLDASM/install/gp7_robot/share/gp7_robot/meshes/link_8.STL
-- Up-to-date: /home/pankaja/Downloads/GP7_Robot.SLDASM/install/gp7_robot/share/gp7_robot/meshes/link_3.STL
-- Up-to-date: /home/pankaja/Downloads/GP7_Robot.SLDASM/install/gp7_robot/share/gp7_robot/meshes/link_5.STL
-- Up-to-date: /home/pankaja/Downloads/GP7_Robot.SLDASM/install/gp7_robot/share/gp7_robot/meshes/link_4.STL
-- Up-to-date: /home/pankaja/Downloads/GP7_Robot.SLDASM/install/gp7_robot/share/gp7_robot/meshes/link_7.STL
-- Up-to-date: /home/pankaja/Downloads/GP7_Robot.SLDASM/install/gp7_robot/share/gp7_robot/meshes/link_1.STL
-- Up-to-date: /home/pankaja/Downloads/GP7_Robot.SLDASM/install/gp7_robot/share/gp7_robot/meshes/link_2.STL
-- Up-to-date: /home/pankaja/Downloads/GP7_Robot.SLDASM/install/gp7_robot/share/gp7_robot/meshes/link_6.STL
-- Up-to-date: /home/pankaja/Downloads/GP7_Robot.SLDASM/install/gp7_robot/share/gp7_robot/meshes/base_link.STL
-- Up-to-date: /home/pankaja/Downloads/GP7_Robot.SLDASM/install/gp7_robot/share/gp7_robot/urdf
-- Up-to-date: /home/pankaja/Downloads/GP7_Robot.SLDASM/install/gp7_robot/share/gp7_robot/urdf/GP7 Robot.SLDASM.urdf
-- Up-to-date: /home/pankaja/Downloads/GP7_Robot.SLDASM/install/gp7_robot/share/gp7_robot/urdf/GP7 Robot.SLDASM.csv
-- Up-to-date: /home/pankaja/Downloads/GP7_Robot.SLDASM/install/gp7_robot/share/ament_index/resource_index/package_run_dependencies/gp7_robot
-- Up-to-date: /home/pankaja/Downloads/GP7_Robot.SLDASM/install/gp7_robot/share/ament_index/resource_index/parent_prefix_path/gp7_robot
-- Up-to-date: /home/pankaja/Downloads/GP7_Robot.SLDASM/install/gp7_robot/share/gp7_robot/environment/ament_prefix_path.sh
-- Up-to-date: /home/pankaja/Downloads/GP7_Robot.SLDASM/install/gp7_robot/share/gp7_robot/environment/ament_prefix_path.dsv
-- Up-to-date: /home/pankaja/Downloads/GP7_Robot.SLDASM/install/gp7_robot/share/gp7_robot/environment/path.sh
-- Up-to-date: /home/pankaja/Downloads/GP7_Robot.SLDASM/install/gp7_robot/share/gp7_robot/environment/path.dsv
-- Up-to-date: /home/pankaja/Downloads/GP7_Robot.SLDASM/install/gp7_robot/share/gp7_robot/local_setup.bash
-- Up-to-date: /home/pankaja/Downloads/GP7_Robot.SLDASM/install/gp7_robot/share/gp7_robot/local_setup.sh
-- Up-to-date: /home/pankaja/Downloads/GP7_Robot.SLDASM/install/gp7_robot/share/gp7_robot/local_setup.zsh
-- Up-to-date: /home/pankaja/Downloads/GP7_Robot.SLDASM/install/gp7_robot/share/gp7_robot/local_setup.dsv
-- Up-to-date: /home/pankaja/Downloads/GP7_Robot.SLDASM/install/gp7_robot/share/gp7_robot/package.dsv
-- Up-to-date: /home/pankaja/Downloads/GP7_Robot.SLDASM/install/gp7_robot/share/ament_index/resource_index/packages/gp7_robot
-- Up-to-date: /home/pankaja/Downloads/GP7_Robot.SLDASM/install/gp7_robot/share/gp7_robot/cmake/gp7_robotConfig.cmake
-- Up-to-date: /home/pankaja/Downloads/GP7_Robot.SLDASM/install/gp7_robot/share/gp7_robot/cmake/gp7_robotConfig-version.cmake
-- Up-to-date: /home/pankaja/Downloads/GP7_Robot.SLDASM/install/gp7_robot/share/gp7_robot/package.xml
