[0.008s] Invoking command in '/home/pankaja/Downloads/GP7_Robot.SLDASM/build/gp7_robot': CMAKE_PREFIX_PATH=${CMAKE_PREFIX_PATH}:/opt/ros/jazzy DEBUGINFOD_URLS=https://debuginfod.ubuntu.com /usr/bin/cmake --build /home/pankaja/Downloads/GP7_Robot.SLDASM/build/gp7_robot -- -j20 -l20
[0.031s] Invoked command in '/home/pankaja/Downloads/GP7_Robot.SLDASM/build/gp7_robot' returned '0': CMAKE_PREFIX_PATH=${CMAKE_PREFIX_PATH}:/opt/ros/jazzy DEBUGINFOD_URLS=https://debuginfod.ubuntu.com /usr/bin/cmake --build /home/pankaja/Downloads/GP7_Robot.SLDASM/build/gp7_robot -- -j20 -l20
[0.036s] Invoking command in '/home/pankaja/Downloads/GP7_Robot.SLDASM/build/gp7_robot': CMAKE_PREFIX_PATH=${CMAKE_PREFIX_PATH}:/opt/ros/jazzy DEBUGINFOD_URLS=https://debuginfod.ubuntu.com /usr/bin/cmake --install /home/pankaja/Downloads/GP7_Robot.SLDASM/build/gp7_robot
[0.042s] -- Install configuration: ""
[0.042s] -- Up-to-date: /home/pankaja/Downloads/GP7_Robot.SLDASM/install/gp7_robot/share/gp7_robot/config
[0.042s] -- Up-to-date: /home/pankaja/Downloads/GP7_Robot.SLDASM/install/gp7_robot/share/gp7_robot/config/joint_names_GP7 Robot.SLDASM.yaml
[0.042s] -- Up-to-date: /home/pankaja/Downloads/GP7_Robot.SLDASM/install/gp7_robot/share/gp7_robot/config/urdf.rviz
[0.042s] -- Up-to-date: /home/pankaja/Downloads/GP7_Robot.SLDASM/install/gp7_robot/share/gp7_robot/launch
[0.042s] -- Up-to-date: /home/pankaja/Downloads/GP7_Robot.SLDASM/install/gp7_robot/share/gp7_robot/launch/gazebo.launch
[0.042s] -- Up-to-date: /home/pankaja/Downloads/GP7_Robot.SLDASM/install/gp7_robot/share/gp7_robot/launch/gazebo.launch.py
[0.042s] -- Up-to-date: /home/pankaja/Downloads/GP7_Robot.SLDASM/install/gp7_robot/share/gp7_robot/launch/display.launch.py
[0.042s] -- Up-to-date: /home/pankaja/Downloads/GP7_Robot.SLDASM/install/gp7_robot/share/gp7_robot/launch/display.launch
[0.042s] -- Up-to-date: /home/pankaja/Downloads/GP7_Robot.SLDASM/install/gp7_robot/share/gp7_robot/meshes
[0.042s] -- Up-to-date: /home/pankaja/Downloads/GP7_Robot.SLDASM/install/gp7_robot/share/gp7_robot/meshes/link_8.STL
[0.042s] -- Up-to-date: /home/pankaja/Downloads/GP7_Robot.SLDASM/install/gp7_robot/share/gp7_robot/meshes/link_3.STL
[0.042s] -- Up-to-date: /home/pankaja/Downloads/GP7_Robot.SLDASM/install/gp7_robot/share/gp7_robot/meshes/link_5.STL
[0.042s] -- Up-to-date: /home/pankaja/Downloads/GP7_Robot.SLDASM/install/gp7_robot/share/gp7_robot/meshes/link_4.STL
[0.042s] -- Up-to-date: /home/pankaja/Downloads/GP7_Robot.SLDASM/install/gp7_robot/share/gp7_robot/meshes/link_7.STL
[0.042s] -- Up-to-date: /home/pankaja/Downloads/GP7_Robot.SLDASM/install/gp7_robot/share/gp7_robot/meshes/link_1.STL
[0.042s] -- Up-to-date: /home/pankaja/Downloads/GP7_Robot.SLDASM/install/gp7_robot/share/gp7_robot/meshes/link_2.STL
[0.042s] -- Up-to-date: /home/pankaja/Downloads/GP7_Robot.SLDASM/install/gp7_robot/share/gp7_robot/meshes/link_6.STL
[0.043s] -- Up-to-date: /home/pankaja/Downloads/GP7_Robot.SLDASM/install/gp7_robot/share/gp7_robot/meshes/base_link.STL
[0.043s] -- Up-to-date: /home/pankaja/Downloads/GP7_Robot.SLDASM/install/gp7_robot/share/gp7_robot/urdf
[0.043s] -- Up-to-date: /home/pankaja/Downloads/GP7_Robot.SLDASM/install/gp7_robot/share/gp7_robot/urdf/GP7 Robot.SLDASM.urdf
[0.043s] -- Up-to-date: /home/pankaja/Downloads/GP7_Robot.SLDASM/install/gp7_robot/share/gp7_robot/urdf/GP7 Robot.SLDASM.csv
[0.043s] -- Up-to-date: /home/pankaja/Downloads/GP7_Robot.SLDASM/install/gp7_robot/share/ament_index/resource_index/package_run_dependencies/gp7_robot
[0.043s] -- Up-to-date: /home/pankaja/Downloads/GP7_Robot.SLDASM/install/gp7_robot/share/ament_index/resource_index/parent_prefix_path/gp7_robot
[0.043s] -- Up-to-date: /home/pankaja/Downloads/GP7_Robot.SLDASM/install/gp7_robot/share/gp7_robot/environment/ament_prefix_path.sh
[0.043s] -- Up-to-date: /home/pankaja/Downloads/GP7_Robot.SLDASM/install/gp7_robot/share/gp7_robot/environment/ament_prefix_path.dsv
[0.043s] -- Up-to-date: /home/pankaja/Downloads/GP7_Robot.SLDASM/install/gp7_robot/share/gp7_robot/environment/path.sh
[0.043s] -- Up-to-date: /home/pankaja/Downloads/GP7_Robot.SLDASM/install/gp7_robot/share/gp7_robot/environment/path.dsv
[0.043s] -- Up-to-date: /home/pankaja/Downloads/GP7_Robot.SLDASM/install/gp7_robot/share/gp7_robot/local_setup.bash
[0.043s] -- Up-to-date: /home/pankaja/Downloads/GP7_Robot.SLDASM/install/gp7_robot/share/gp7_robot/local_setup.sh
[0.043s] -- Up-to-date: /home/pankaja/Downloads/GP7_Robot.SLDASM/install/gp7_robot/share/gp7_robot/local_setup.zsh
[0.043s] -- Up-to-date: /home/pankaja/Downloads/GP7_Robot.SLDASM/install/gp7_robot/share/gp7_robot/local_setup.dsv
[0.043s] -- Up-to-date: /home/pankaja/Downloads/GP7_Robot.SLDASM/install/gp7_robot/share/gp7_robot/package.dsv
[0.043s] -- Up-to-date: /home/pankaja/Downloads/GP7_Robot.SLDASM/install/gp7_robot/share/ament_index/resource_index/packages/gp7_robot
[0.043s] -- Up-to-date: /home/pankaja/Downloads/GP7_Robot.SLDASM/install/gp7_robot/share/gp7_robot/cmake/gp7_robotConfig.cmake
[0.043s] -- Up-to-date: /home/pankaja/Downloads/GP7_Robot.SLDASM/install/gp7_robot/share/gp7_robot/cmake/gp7_robotConfig-version.cmake
[0.043s] -- Up-to-date: /home/pankaja/Downloads/GP7_Robot.SLDASM/install/gp7_robot/share/gp7_robot/package.xml
[0.044s] Invoked command in '/home/pankaja/Downloads/GP7_Robot.SLDASM/build/gp7_robot' returned '0': CMAKE_PREFIX_PATH=${CMAKE_PREFIX_PATH}:/opt/ros/jazzy DEBUGINFOD_URLS=https://debuginfod.ubuntu.com /usr/bin/cmake --install /home/pankaja/Downloads/GP7_Robot.SLDASM/build/gp7_robot
